<?xml version="1.0" encoding="UTF-8"?>
<testsuite xmlns:xsi="http://www.w3.org/2001/XMLSchema-instance" xsi:noNamespaceSchemaLocation="https://maven.apache.org/surefire/maven-surefire-plugin/xsd/surefire-test-report.xsd" name="org.apache.karaf.weather.rest.provider.ProviderWeatherServiceRestTest" time="0.713" tests="2" errors="0" skipped="0" failures="0">
  <properties>
    <property name="sun.desktop" value="gnome"/>
    <property name="awt.toolkit" value="sun.awt.X11.XToolkit"/>
    <property name="java.specification.version" value="9"/>
    <property name="file.encoding.pkg" value="sun.io"/>
    <property name="sun.cpu.isalist" value=""/>
    <property name="sun.jnu.encoding" value="UTF-8"/>
    <property name="java.class.path" value="/home/nikita/IdeaProjects/WeatherWebService/karaf-rest-weather-provider/target/test-classes:/home/nikita/IdeaProjects/WeatherWebService/karaf-rest-weather-provider/target/classes:/home/nikita/.m2/repository/javax/ws/rs/javax.ws.rs-api/2.1/javax.ws.rs-api-2.1.jar:/home/nikita/IdeaProjects/WeatherWebService/karaf-rest-weather-api/target/karaf-rest-example-api-4.2.8.jar:/home/nikita/.m2/repository/com/fasterxml/jackson/jaxrs/jackson-jaxrs-json-provider/2.10.4/jackson-jaxrs-json-provider-2.10.4.jar:/home/nikita/.m2/repository/com/fasterxml/jackson/jaxrs/jackson-jaxrs-base/2.10.4/jackson-jaxrs-base-2.10.4.jar:/home/nikita/.m2/repository/com/fasterxml/jackson/core/jackson-core/2.10.4/jackson-core-2.10.4.jar:/home/nikita/.m2/repository/com/fasterxml/jackson/core/jackson-databind/2.10.4/jackson-databind-2.10.4.jar:/home/nikita/.m2/repository/com/fasterxml/jackson/module/jackson-module-jaxb-annotations/2.10.4/jackson-module-jaxb-annotations-2.10.4.jar:/home/nikita/.m2/repository/com/fasterxml/jackson/core/jackson-annotations/2.10.4/jackson-annotations-2.10.4.jar:/home/nikita/.m2/repository/jakarta/xml/bind/jakarta.xml.bind-api/2.3.2/jakarta.xml.bind-api-2.3.2.jar:/home/nikita/.m2/repository/jakarta/activation/jakarta.activation-api/1.2.1/jakarta.activation-api-1.2.1.jar:/home/nikita/.m2/repository/org/apache/cxf/cxf-rt-rs-client/3.3.5/cxf-rt-rs-client-3.3.5.jar:/home/nikita/.m2/repository/org/apache/cxf/cxf-rt-transports-http/3.3.5/cxf-rt-transports-http-3.3.5.jar:/home/nikita/.m2/repository/org/apache/cxf/cxf-core/3.3.5/cxf-core-3.3.5.jar:/home/nikita/.m2/repository/org/glassfish/jaxb/jaxb-runtime/2.3.2/jaxb-runtime-2.3.2.jar:/home/nikita/.m2/repository/org/glassfish/jaxb/txw2/2.3.2/txw2-2.3.2.jar:/home/nikita/.m2/repository/com/sun/istack/istack-commons-runtime/3.0.10/istack-commons-runtime-3.0.10.jar:/home/nikita/.m2/repository/com/sun/xml/fastinfoset/FastInfoset/1.2.16/FastInfoset-1.2.16.jar:/home/nikita/.m2/repository/com/fasterxml/woodstox/woodstox-core/5.0.3/woodstox-core-5.0.3.jar:/home/nikita/.m2/repository/org/codehaus/woodstox/stax2-api/3.1.4/stax2-api-3.1.4.jar:/home/nikita/.m2/repository/org/apache/ws/xmlschema/xmlschema-core/2.2.5/xmlschema-core-2.2.5.jar:/home/nikita/.m2/repository/org/apache/cxf/cxf-rt-frontend-jaxrs/3.3.5/cxf-rt-frontend-jaxrs-3.3.5.jar:/home/nikita/.m2/repository/jakarta/ws/rs/jakarta.ws.rs-api/2.1.5/jakarta.ws.rs-api-2.1.5.jar:/home/nikita/.m2/repository/org/apache/cxf/cxf-rt-security/3.3.5/cxf-rt-security-3.3.5.jar:/home/nikita/.m2/repository/javax/annotation/javax.annotation-api/1.3.2/javax.annotation-api-1.3.2.jar:/home/nikita/.m2/repository/javax/xml/ws/jaxws-api/2.3.1/jaxws-api-2.3.1.jar:/home/nikita/.m2/repository/javax/xml/soap/javax.xml.soap-api/1.4.0/javax.xml.soap-api-1.4.0.jar:/home/nikita/.m2/repository/com/sun/activation/javax.activation/1.2.0/javax.activation-1.2.0.jar:/home/nikita/.m2/repository/org/apache/geronimo/specs/geronimo-ws-metadata_2.0_spec/1.1.3/geronimo-ws-metadata_2.0_spec-1.1.3.jar:/home/nikita/.m2/repository/com/sun/xml/messaging/saaj/saaj-impl/1.4.0-b03/saaj-impl-1.4.0-b03.jar:/home/nikita/.m2/repository/org/jvnet/mimepull/mimepull/1.9.7/mimepull-1.9.7.jar:/home/nikita/.m2/repository/org/jvnet/staxex/stax-ex/1.7.8/stax-ex-1.7.8.jar:/home/nikita/.m2/repository/javax/activation/activation/1.1/activation-1.1.jar:/home/nikita/.m2/repository/org/jacorb/jacorb-omgapi/3.9/jacorb-omgapi-3.9.jar:/home/nikita/.m2/repository/org/apache/geronimo/specs/geronimo-jta_1.1_spec/1.1.1/geronimo-jta_1.1_spec-1.1.1.jar:/home/nikita/.m2/repository/org/jboss/spec/javax/rmi/jboss-rmi-api_1.0_spec/1.0.6.Final/jboss-rmi-api_1.0_spec-1.0.6.Final.jar:/home/nikita/.m2/repository/org/apache/karaf/shell/org.apache.karaf.shell.core/4.2.8/org.apache.karaf.shell.core-4.2.8.jar:/home/nikita/.m2/repository/org/jline/jline/3.13.2/jline-3.13.2.jar:/home/nikita/.m2/repository/org/apache/karaf/jaas/org.apache.karaf.jaas.boot/4.2.8/org.apache.karaf.jaas.boot-4.2.8.jar:/home/nikita/.m2/repository/org/apache/sshd/sshd-core/1.7.0/sshd-core-1.7.0.jar:/home/nikita/.m2/repository/org/slf4j/slf4j-api/1.7.29/slf4j-api-1.7.29.jar:/home/nikita/.m2/repository/junit/junit/4.13/junit-4.13.jar:/home/nikita/.m2/repository/org/hamcrest/hamcrest-core/1.3/hamcrest-core-1.3.jar:/home/nikita/.m2/repository/org/mockito/mockito-all/1.9.5/mockito-all-1.9.5.jar:/home/nikita/.m2/repository/org/projectlombok/lombok/1.18.12/lombok-1.18.12.jar:/home/nikita/.m2/repository/org/easymock/easymock/4.1/easymock-4.1.jar:/home/nikita/.m2/repository/org/objenesis/objenesis/2.6/objenesis-2.6.jar:"/>
    <property name="java.vm.vendor" value="Azul Systems, Inc."/>
    <property name="sun.arch.data.model" value="64"/>
    <property name="java.vendor.url" value="http://www.azulsystems.com/"/>
    <property name="user.timezone" value=""/>
    <property name="java.vm.specification.version" value="9"/>
    <property name="os.name" value="Linux"/>
    <property name="sun.java.launcher" value="SUN_STANDARD"/>
    <property name="user.country" value="UA"/>
    <property name="sun.boot.library.path" value="/home/nikita/.sdkman/candidates/java/9.0.7-zulu/lib"/>
    <property name="sun.java.command" value="/home/nikita/IdeaProjects/WeatherWebService/karaf-rest-weather-provider/target/surefire/surefirebooter17990456695804323270.jar /home/nikita/IdeaProjects/WeatherWebService/karaf-rest-weather-provider/target/surefire 2020-05-20T14-08-51_112-jvmRun1 surefire14758007321346608875tmp surefire_013715013216215742805tmp"/>
    <property name="jdk.debug" value="release"/>
    <property name="surefire.test.class.path" value="/home/nikita/IdeaProjects/WeatherWebService/karaf-rest-weather-provider/target/test-classes:/home/nikita/IdeaProjects/WeatherWebService/karaf-rest-weather-provider/target/classes:/home/nikita/.m2/repository/javax/ws/rs/javax.ws.rs-api/2.1/javax.ws.rs-api-2.1.jar:/home/nikita/IdeaProjects/WeatherWebService/karaf-rest-weather-api/target/karaf-rest-example-api-4.2.8.jar:/home/nikita/.m2/repository/com/fasterxml/jackson/jaxrs/jackson-jaxrs-json-provider/2.10.4/jackson-jaxrs-json-provider-2.10.4.jar:/home/nikita/.m2/repository/com/fasterxml/jackson/jaxrs/jackson-jaxrs-base/2.10.4/jackson-jaxrs-base-2.10.4.jar:/home/nikita/.m2/repository/com/fasterxml/jackson/core/jackson-core/2.10.4/jackson-core-2.10.4.jar:/home/nikita/.m2/repository/com/fasterxml/jackson/core/jackson-databind/2.10.4/jackson-databind-2.10.4.jar:/home/nikita/.m2/repository/com/fasterxml/jackson/module/jackson-module-jaxb-annotations/2.10.4/jackson-module-jaxb-annotations-2.10.4.jar:/home/nikita/.m2/repository/com/fasterxml/jackson/core/jackson-annotations/2.10.4/jackson-annotations-2.10.4.jar:/home/nikita/.m2/repository/jakarta/xml/bind/jakarta.xml.bind-api/2.3.2/jakarta.xml.bind-api-2.3.2.jar:/home/nikita/.m2/repository/jakarta/activation/jakarta.activation-api/1.2.1/jakarta.activation-api-1.2.1.jar:/home/nikita/.m2/repository/org/apache/cxf/cxf-rt-rs-client/3.3.5/cxf-rt-rs-client-3.3.5.jar:/home/nikita/.m2/repository/org/apache/cxf/cxf-rt-transports-http/3.3.5/cxf-rt-transports-http-3.3.5.jar:/home/nikita/.m2/repository/org/apache/cxf/cxf-core/3.3.5/cxf-core-3.3.5.jar:/home/nikita/.m2/repository/org/glassfish/jaxb/jaxb-runtime/2.3.2/jaxb-runtime-2.3.2.jar:/home/nikita/.m2/repository/org/glassfish/jaxb/txw2/2.3.2/txw2-2.3.2.jar:/home/nikita/.m2/repository/com/sun/istack/istack-commons-runtime/3.0.10/istack-commons-runtime-3.0.10.jar:/home/nikita/.m2/repository/com/sun/xml/fastinfoset/FastInfoset/1.2.16/FastInfoset-1.2.16.jar:/home/nikita/.m2/repository/com/fasterxml/woodstox/woodstox-core/5.0.3/woodstox-core-5.0.3.jar:/home/nikita/.m2/repository/org/codehaus/woodstox/stax2-api/3.1.4/stax2-api-3.1.4.jar:/home/nikita/.m2/repository/org/apache/ws/xmlschema/xmlschema-core/2.2.5/xmlschema-core-2.2.5.jar:/home/nikita/.m2/repository/org/apache/cxf/cxf-rt-frontend-jaxrs/3.3.5/cxf-rt-frontend-jaxrs-3.3.5.jar:/home/nikita/.m2/repository/jakarta/ws/rs/jakarta.ws.rs-api/2.1.5/jakarta.ws.rs-api-2.1.5.jar:/home/nikita/.m2/repository/org/apache/cxf/cxf-rt-security/3.3.5/cxf-rt-security-3.3.5.jar:/home/nikita/.m2/repository/javax/annotation/javax.annotation-api/1.3.2/javax.annotation-api-1.3.2.jar:/home/nikita/.m2/repository/javax/xml/ws/jaxws-api/2.3.1/jaxws-api-2.3.1.jar:/home/nikita/.m2/repository/javax/xml/soap/javax.xml.soap-api/1.4.0/javax.xml.soap-api-1.4.0.jar:/home/nikita/.m2/repository/com/sun/activation/javax.activation/1.2.0/javax.activation-1.2.0.jar:/home/nikita/.m2/repository/org/apache/geronimo/specs/geronimo-ws-metadata_2.0_spec/1.1.3/geronimo-ws-metadata_2.0_spec-1.1.3.jar:/home/nikita/.m2/repository/com/sun/xml/messaging/saaj/saaj-impl/1.4.0-b03/saaj-impl-1.4.0-b03.jar:/home/nikita/.m2/repository/org/jvnet/mimepull/mimepull/1.9.7/mimepull-1.9.7.jar:/home/nikita/.m2/repository/org/jvnet/staxex/stax-ex/1.7.8/stax-ex-1.7.8.jar:/home/nikita/.m2/repository/javax/activation/activation/1.1/activation-1.1.jar:/home/nikita/.m2/repository/org/jacorb/jacorb-omgapi/3.9/jacorb-omgapi-3.9.jar:/home/nikita/.m2/repository/org/apache/geronimo/specs/geronimo-jta_1.1_spec/1.1.1/geronimo-jta_1.1_spec-1.1.1.jar:/home/nikita/.m2/repository/org/jboss/spec/javax/rmi/jboss-rmi-api_1.0_spec/1.0.6.Final/jboss-rmi-api_1.0_spec-1.0.6.Final.jar:/home/nikita/.m2/repository/org/apache/karaf/shell/org.apache.karaf.shell.core/4.2.8/org.apache.karaf.shell.core-4.2.8.jar:/home/nikita/.m2/repository/org/jline/jline/3.13.2/jline-3.13.2.jar:/home/nikita/.m2/repository/org/apache/karaf/jaas/org.apache.karaf.jaas.boot/4.2.8/org.apache.karaf.jaas.boot-4.2.8.jar:/home/nikita/.m2/repository/org/apache/sshd/sshd-core/1.7.0/sshd-core-1.7.0.jar:/home/nikita/.m2/repository/org/slf4j/slf4j-api/1.7.29/slf4j-api-1.7.29.jar:/home/nikita/.m2/repository/junit/junit/4.13/junit-4.13.jar:/home/nikita/.m2/repository/org/hamcrest/hamcrest-core/1.3/hamcrest-core-1.3.jar:/home/nikita/.m2/repository/org/mockito/mockito-all/1.9.5/mockito-all-1.9.5.jar:/home/nikita/.m2/repository/org/projectlombok/lombok/1.18.12/lombok-1.18.12.jar:/home/nikita/.m2/repository/org/easymock/easymock/4.1/easymock-4.1.jar:/home/nikita/.m2/repository/org/objenesis/objenesis/2.6/objenesis-2.6.jar:"/>
    <property name="sun.cpu.endian" value="little"/>
    <property name="user.home" value="/home/nikita"/>
    <property name="user.language" value="ru"/>
    <property name="java.specification.vendor" value="Oracle Corporation"/>
    <property name="java.home" value="/home/nikita/.sdkman/candidates/java/9.0.7-zulu"/>
    <property name="file.separator" value="/"/>
    <property name="basedir" value="/home/nikita/IdeaProjects/WeatherWebService/karaf-rest-weather-provider"/>
    <property name="java.vm.compressedOopsMode" value="Zero based"/>
    <property name="line.separator" value="&#10;"/>
    <property name="java.specification.name" value="Java Platform API Specification"/>
    <property name="java.vm.specification.vendor" value="Oracle Corporation"/>
    <property name="java.awt.graphicsenv" value="sun.awt.X11GraphicsEnvironment"/>
    <property name="surefire.real.class.path" value="/home/nikita/IdeaProjects/WeatherWebService/karaf-rest-weather-provider/target/surefire/surefirebooter17990456695804323270.jar"/>
    <property name="sun.management.compiler" value="HotSpot 64-Bit Tiered Compilers"/>
    <property name="java.runtime.version" value="9.0.7.1+1"/>
    <property name="user.name" value="nikita"/>
    <property name="path.separator" value=":"/>
    <property name="os.version" value="5.4.0-29-generic"/>
    <property name="java.runtime.name" value="OpenJDK Runtime Environment"/>
    <property name="file.encoding" value="UTF-8"/>
    <property name="java.vm.name" value="OpenJDK 64-Bit Server VM"/>
    <property name="localRepository" value="/home/nikita/.m2/repository"/>
    <property name="java.vendor.url.bug" value="http://www.azulsystems.com/support/"/>
    <property name="java.io.tmpdir" value="/tmp"/>
    <property name="java.version" value="9.0.7.1"/>
    <property name="user.dir" value="/home/nikita/IdeaProjects/WeatherWebService/karaf-rest-weather-provider"/>
    <property name="os.arch" value="amd64"/>
    <property name="java.vm.specification.name" value="Java Virtual Machine Specification"/>
    <property name="java.awt.printerjob" value="sun.print.PSPrinterJob"/>
    <property name="sun.os.patch.level" value="unknown"/>
    <property name="java.library.path" value="/usr/java/packages/lib:/usr/lib64:/lib64:/lib:/usr/lib"/>
    <property name="java.vm.info" value="mixed mode"/>
    <property name="java.vendor" value="Azul Systems, Inc."/>
    <property name="java.vm.version" value="9.0.7.1+1"/>
    <property name="sun.io.unicode.encoding" value="UnicodeLittle"/>
    <property name="java.class.version" value="53.0"/>
  </properties>
  <testcase name="getWeatherMethodInvalidValueCheck" classname="org.apache.karaf.weather.rest.provider.ProviderWeatherServiceRestTest" time="0.677"/>
  <testcase name="getWeatherMethodDefaultValueCheck" classname="org.apache.karaf.weather.rest.provider.ProviderWeatherServiceRestTest" time="0.004"/>
</testsuite>